Determining if the pthread_create exist failed with the following output:
Change Dir: /home/tison/Downloads/Secure_and_Dependable_Systems-master/stack/build/CMakeFiles/CMakeTmp

Run Build Command:"/usr/bin/make" "cmTC_ee3e5/fast"
/usr/bin/make -f CMakeFiles/cmTC_ee3e5.dir/build.make CMakeFiles/cmTC_ee3e5.dir/build
make[1]: Entering directory '/home/tison/Downloads/Secure_and_Dependable_Systems-master/stack/build/CMakeFiles/CMakeTmp'
Building C object CMakeFiles/cmTC_ee3e5.dir/CheckSymbolExists.c.o
/usr/bin/cc    -g -O0 -Wall -W -fprofile-arcs -ftest-coverage    -o CMakeFiles/cmTC_ee3e5.dir/CheckSymbolExists.c.o   -c /home/tison/Downloads/Secure_and_Dependable_Systems-master/stack/build/CMakeFiles/CMakeTmp/CheckSymbolExists.c
Linking C executable cmTC_ee3e5
/usr/bin/cmake -E cmake_link_script CMakeFiles/cmTC_ee3e5.dir/link.txt --verbose=1
/usr/bin/cc  -g -O0 -Wall -W -fprofile-arcs -ftest-coverage     CMakeFiles/cmTC_ee3e5.dir/CheckSymbolExists.c.o  -o cmTC_ee3e5 -rdynamic 
CMakeFiles/cmTC_ee3e5.dir/CheckSymbolExists.c.o: In function `main':
/home/tison/Downloads/Secure_and_Dependable_Systems-master/stack/build/CMakeFiles/CMakeTmp/CheckSymbolExists.c:8: undefined reference to `pthread_create'
collect2: error: ld returned 1 exit status
CMakeFiles/cmTC_ee3e5.dir/build.make:97: recipe for target 'cmTC_ee3e5' failed
make[1]: *** [cmTC_ee3e5] Error 1
make[1]: Leaving directory '/home/tison/Downloads/Secure_and_Dependable_Systems-master/stack/build/CMakeFiles/CMakeTmp'
Makefile:126: recipe for target 'cmTC_ee3e5/fast' failed
make: *** [cmTC_ee3e5/fast] Error 2

File /home/tison/Downloads/Secure_and_Dependable_Systems-master/stack/build/CMakeFiles/CMakeTmp/CheckSymbolExists.c:
/* */
#include <pthread.h>

int main(int argc, char** argv)
{
  (void)argv;
#ifndef pthread_create
  return ((int*)(&pthread_create))[argc];
#else
  (void)argc;
  return 0;
#endif
}

Determining if the function pthread_create exists in the pthreads failed with the following output:
Change Dir: /home/tison/Downloads/Secure_and_Dependable_Systems-master/stack/build/CMakeFiles/CMakeTmp

Run Build Command:"/usr/bin/make" "cmTC_68502/fast"
/usr/bin/make -f CMakeFiles/cmTC_68502.dir/build.make CMakeFiles/cmTC_68502.dir/build
make[1]: Entering directory '/home/tison/Downloads/Secure_and_Dependable_Systems-master/stack/build/CMakeFiles/CMakeTmp'
Building C object CMakeFiles/cmTC_68502.dir/CheckFunctionExists.c.o
/usr/bin/cc    -g -O0 -Wall -W -fprofile-arcs -ftest-coverage -DCHECK_FUNCTION_EXISTS=pthread_create   -o CMakeFiles/cmTC_68502.dir/CheckFunctionExists.c.o   -c /usr/share/cmake-3.5/Modules/CheckFunctionExists.c
Linking C executable cmTC_68502
/usr/bin/cmake -E cmake_link_script CMakeFiles/cmTC_68502.dir/link.txt --verbose=1
/usr/bin/cc  -g -O0 -Wall -W -fprofile-arcs -ftest-coverage -DCHECK_FUNCTION_EXISTS=pthread_create    CMakeFiles/cmTC_68502.dir/CheckFunctionExists.c.o  -o cmTC_68502 -rdynamic -lpthreads 
/usr/bin/ld: cannot find -lpthreads
collect2: error: ld returned 1 exit status
CMakeFiles/cmTC_68502.dir/build.make:97: recipe for target 'cmTC_68502' failed
make[1]: *** [cmTC_68502] Error 1
make[1]: Leaving directory '/home/tison/Downloads/Secure_and_Dependable_Systems-master/stack/build/CMakeFiles/CMakeTmp'
Makefile:126: recipe for target 'cmTC_68502/fast' failed
make: *** [cmTC_68502/fast] Error 2


