Determining if the pthread_create exist failed with the following output:
Change Dir: /home/tison/Desktop/Secure_and_Dependable_Systems-master/HW1/rpnc/build/CMakeFiles/CMakeTmp

Run Build Command:"/usr/bin/make" "cmTC_acff0/fast"
/usr/bin/make -f CMakeFiles/cmTC_acff0.dir/build.make CMakeFiles/cmTC_acff0.dir/build
make[1]: Entering directory '/home/tison/Desktop/Secure_and_Dependable_Systems-master/HW1/rpnc/build/CMakeFiles/CMakeTmp'
Building C object CMakeFiles/cmTC_acff0.dir/CheckSymbolExists.c.o
/usr/bin/cc    -g -O0 -Wall -W -fprofile-arcs -ftest-coverage    -o CMakeFiles/cmTC_acff0.dir/CheckSymbolExists.c.o   -c /home/tison/Desktop/Secure_and_Dependable_Systems-master/HW1/rpnc/build/CMakeFiles/CMakeTmp/CheckSymbolExists.c
Linking C executable cmTC_acff0
/usr/bin/cmake -E cmake_link_script CMakeFiles/cmTC_acff0.dir/link.txt --verbose=1
/usr/bin/cc  -g -O0 -Wall -W -fprofile-arcs -ftest-coverage     CMakeFiles/cmTC_acff0.dir/CheckSymbolExists.c.o  -o cmTC_acff0 -rdynamic 
CMakeFiles/cmTC_acff0.dir/CheckSymbolExists.c.o: In function `main':
/home/tison/Desktop/Secure_and_Dependable_Systems-master/HW1/rpnc/build/CMakeFiles/CMakeTmp/CheckSymbolExists.c:8: undefined reference to `pthread_create'
collect2: error: ld returned 1 exit status
CMakeFiles/cmTC_acff0.dir/build.make:97: recipe for target 'cmTC_acff0' failed
make[1]: *** [cmTC_acff0] Error 1
make[1]: Leaving directory '/home/tison/Desktop/Secure_and_Dependable_Systems-master/HW1/rpnc/build/CMakeFiles/CMakeTmp'
Makefile:126: recipe for target 'cmTC_acff0/fast' failed
make: *** [cmTC_acff0/fast] Error 2

File /home/tison/Desktop/Secure_and_Dependable_Systems-master/HW1/rpnc/build/CMakeFiles/CMakeTmp/CheckSymbolExists.c:
/* */
#include <pthread.h>

int main(int argc, char** argv)
{
  (void)argv;
#ifndef pthread_create
  return ((int*)(&pthread_create))[argc];
#else
  (void)argc;
  return 0;
#endif
}

Determining if the function pthread_create exists in the pthreads failed with the following output:
Change Dir: /home/tison/Desktop/Secure_and_Dependable_Systems-master/HW1/rpnc/build/CMakeFiles/CMakeTmp

Run Build Command:"/usr/bin/make" "cmTC_8858e/fast"
/usr/bin/make -f CMakeFiles/cmTC_8858e.dir/build.make CMakeFiles/cmTC_8858e.dir/build
make[1]: Entering directory '/home/tison/Desktop/Secure_and_Dependable_Systems-master/HW1/rpnc/build/CMakeFiles/CMakeTmp'
Building C object CMakeFiles/cmTC_8858e.dir/CheckFunctionExists.c.o
/usr/bin/cc    -g -O0 -Wall -W -fprofile-arcs -ftest-coverage -DCHECK_FUNCTION_EXISTS=pthread_create   -o CMakeFiles/cmTC_8858e.dir/CheckFunctionExists.c.o   -c /usr/share/cmake-3.5/Modules/CheckFunctionExists.c
Linking C executable cmTC_8858e
/usr/bin/cmake -E cmake_link_script CMakeFiles/cmTC_8858e.dir/link.txt --verbose=1
/usr/bin/cc  -g -O0 -Wall -W -fprofile-arcs -ftest-coverage -DCHECK_FUNCTION_EXISTS=pthread_create    CMakeFiles/cmTC_8858e.dir/CheckFunctionExists.c.o  -o cmTC_8858e -rdynamic -lpthreads 
/usr/bin/ld: cannot find -lpthreads
collect2: error: ld returned 1 exit status
CMakeFiles/cmTC_8858e.dir/build.make:97: recipe for target 'cmTC_8858e' failed
make[1]: *** [cmTC_8858e] Error 1
make[1]: Leaving directory '/home/tison/Desktop/Secure_and_Dependable_Systems-master/HW1/rpnc/build/CMakeFiles/CMakeTmp'
Makefile:126: recipe for target 'cmTC_8858e/fast' failed
make: *** [cmTC_8858e/fast] Error 2


