Determining if the pthread_create exist failed with the following output:
Change Dir: /home/tison/Downloads/Secure_and_Dependable_Systems-master/rpnc/build/CMakeFiles/CMakeTmp

Run Build Command:"/usr/bin/make" "cmTC_57a3a/fast"
/usr/bin/make -f CMakeFiles/cmTC_57a3a.dir/build.make CMakeFiles/cmTC_57a3a.dir/build
make[1]: Entering directory '/home/tison/Downloads/Secure_and_Dependable_Systems-master/rpnc/build/CMakeFiles/CMakeTmp'
Building C object CMakeFiles/cmTC_57a3a.dir/CheckSymbolExists.c.o
/usr/bin/cc    -g -O0 -Wall -W -fprofile-arcs -ftest-coverage    -o CMakeFiles/cmTC_57a3a.dir/CheckSymbolExists.c.o   -c /home/tison/Downloads/Secure_and_Dependable_Systems-master/rpnc/build/CMakeFiles/CMakeTmp/CheckSymbolExists.c
Linking C executable cmTC_57a3a
/usr/bin/cmake -E cmake_link_script CMakeFiles/cmTC_57a3a.dir/link.txt --verbose=1
/usr/bin/cc  -g -O0 -Wall -W -fprofile-arcs -ftest-coverage     CMakeFiles/cmTC_57a3a.dir/CheckSymbolExists.c.o  -o cmTC_57a3a -rdynamic 
CMakeFiles/cmTC_57a3a.dir/CheckSymbolExists.c.o: In function `main':
/home/tison/Downloads/Secure_and_Dependable_Systems-master/rpnc/build/CMakeFiles/CMakeTmp/CheckSymbolExists.c:8: undefined reference to `pthread_create'
collect2: error: ld returned 1 exit status
CMakeFiles/cmTC_57a3a.dir/build.make:97: recipe for target 'cmTC_57a3a' failed
make[1]: *** [cmTC_57a3a] Error 1
make[1]: Leaving directory '/home/tison/Downloads/Secure_and_Dependable_Systems-master/rpnc/build/CMakeFiles/CMakeTmp'
Makefile:126: recipe for target 'cmTC_57a3a/fast' failed
make: *** [cmTC_57a3a/fast] Error 2

File /home/tison/Downloads/Secure_and_Dependable_Systems-master/rpnc/build/CMakeFiles/CMakeTmp/CheckSymbolExists.c:
/* */
#include <pthread.h>

int main(int argc, char** argv)
{
  (void)argv;
#ifndef pthread_create
  return ((int*)(&pthread_create))[argc];
#else
  (void)argc;
  return 0;
#endif
}

Determining if the function pthread_create exists in the pthreads failed with the following output:
Change Dir: /home/tison/Downloads/Secure_and_Dependable_Systems-master/rpnc/build/CMakeFiles/CMakeTmp

Run Build Command:"/usr/bin/make" "cmTC_7fc3b/fast"
/usr/bin/make -f CMakeFiles/cmTC_7fc3b.dir/build.make CMakeFiles/cmTC_7fc3b.dir/build
make[1]: Entering directory '/home/tison/Downloads/Secure_and_Dependable_Systems-master/rpnc/build/CMakeFiles/CMakeTmp'
Building C object CMakeFiles/cmTC_7fc3b.dir/CheckFunctionExists.c.o
/usr/bin/cc    -g -O0 -Wall -W -fprofile-arcs -ftest-coverage -DCHECK_FUNCTION_EXISTS=pthread_create   -o CMakeFiles/cmTC_7fc3b.dir/CheckFunctionExists.c.o   -c /usr/share/cmake-3.5/Modules/CheckFunctionExists.c
Linking C executable cmTC_7fc3b
/usr/bin/cmake -E cmake_link_script CMakeFiles/cmTC_7fc3b.dir/link.txt --verbose=1
/usr/bin/cc  -g -O0 -Wall -W -fprofile-arcs -ftest-coverage -DCHECK_FUNCTION_EXISTS=pthread_create    CMakeFiles/cmTC_7fc3b.dir/CheckFunctionExists.c.o  -o cmTC_7fc3b -rdynamic -lpthreads 
/usr/bin/ld: cannot find -lpthreads
collect2: error: ld returned 1 exit status
CMakeFiles/cmTC_7fc3b.dir/build.make:97: recipe for target 'cmTC_7fc3b' failed
make[1]: *** [cmTC_7fc3b] Error 1
make[1]: Leaving directory '/home/tison/Downloads/Secure_and_Dependable_Systems-master/rpnc/build/CMakeFiles/CMakeTmp'
Makefile:126: recipe for target 'cmTC_7fc3b/fast' failed
make: *** [cmTC_7fc3b/fast] Error 2


